

times in msec
 clock   self+sourced   self:  sourced script
 clock   elapsed:              other lines

000.002  000.002: --- NVIM STARTING ---
000.163  000.161: locale set
000.315  000.153: inits 1
000.324  000.009: window checked
000.326  000.002: parsing arguments
000.371  000.045: expanding arguments
000.389  000.018: inits 2
000.631  000.242: init highlight
000.631  000.001: waiting for UI
000.999  000.368: done waiting for UI
001.006  000.007: initialized screen early for UI
016.945  006.051  006.051: sourcing /home/pritesh/.local/share/nvim/site/pack/packer/start/gruvbox/colors/gruvbox.vim
029.972  028.863  022.812: sourcing /home/pritesh/.config/nvim/init.lua
029.979  000.110: sourcing vimrc file(s)
033.645  000.007  000.007: sourcing /home/pritesh/.local/share/nvim/site/pack/packer/start/nvim-treesitter/ftdetect/gdscript.vim
033.661  000.007  000.007: sourcing /home/pritesh/.local/share/nvim/site/pack/packer/start/nvim-treesitter/ftdetect/gomod.vim
033.680  000.011  000.011: sourcing /home/pritesh/.local/share/nvim/site/pack/packer/start/nvim-treesitter/ftdetect/query.vim
033.973  003.974  003.949: sourcing /usr/local/share/nvim/runtime/filetype.vim
034.152  000.021  000.021: sourcing /usr/local/share/nvim/runtime/ftplugin.vim
034.325  000.018  000.018: sourcing /usr/local/share/nvim/runtime/indent.vim
035.188  000.214  000.214: sourcing /usr/local/share/nvim/runtime/syntax/syncolor.vim
036.420  000.162  000.162: sourcing /usr/local/share/nvim/runtime/syntax/syncolor.vim
041.552  006.949  006.573: sourcing /home/pritesh/.local/share/nvim/site/pack/packer/start/gruvbox/colors/gruvbox.vim
042.221  007.717  000.768: sourcing /usr/local/share/nvim/runtime/syntax/synload.vim
042.265  007.792  000.075: sourcing /usr/local/share/nvim/runtime/syntax/syntax.vim
043.007  000.131  000.131: sourcing /usr/local/share/nvim/runtime/plugin/gzip.vim
043.024  000.007  000.007: sourcing /usr/local/share/nvim/runtime/plugin/health.vim
043.080  000.049  000.049: sourcing /usr/local/share/nvim/runtime/plugin/man.vim
043.392  000.123  000.123: sourcing /usr/local/share/nvim/runtime/pack/dist/opt/matchit/plugin/matchit.vim
043.446  000.358  000.235: sourcing /usr/local/share/nvim/runtime/plugin/matchit.vim
043.537  000.084  000.084: sourcing /usr/local/share/nvim/runtime/plugin/matchparen.vim
043.810  000.264  000.264: sourcing /usr/local/share/nvim/runtime/plugin/netrwPlugin.vim
043.906  000.005  000.005: sourcing /home/pritesh/.local/share/nvim/rplugin.vim
043.910  000.083  000.078: sourcing /usr/local/share/nvim/runtime/plugin/rplugin.vim
043.990  000.071  000.071: sourcing /usr/local/share/nvim/runtime/plugin/shada.vim
044.019  000.014  000.014: sourcing /usr/local/share/nvim/runtime/plugin/spellfile.vim
044.124  000.094  000.094: sourcing /usr/local/share/nvim/runtime/plugin/tarPlugin.vim
044.185  000.048  000.048: sourcing /usr/local/share/nvim/runtime/plugin/tohtml.vim
044.208  000.011  000.011: sourcing /usr/local/share/nvim/runtime/plugin/tutor.vim
044.333  000.115  000.115: sourcing /usr/local/share/nvim/runtime/plugin/zipPlugin.vim
047.115  002.731  002.731: sourcing /home/pritesh/.config/nvim/plugin/packer_compiled.lua
047.211  001.368: loading plugins
048.375  001.020  001.020: sourcing /home/pritesh/.local/share/nvim/site/pack/packer/start/emmet-vim/plugin/emmet.vim
048.474  000.022  000.022: sourcing /home/pritesh/.local/share/nvim/site/pack/packer/start/formatter.nvim/plugin/formatter.vim
048.597  000.040  000.040: sourcing /home/pritesh/.local/share/nvim/site/pack/packer/start/harpoon/plugin/mark.vim
048.761  000.087  000.087: sourcing /home/pritesh/.local/share/nvim/site/pack/packer/start/nvim-compe/plugin/compe.vim
048.867  000.046  000.046: sourcing /home/pritesh/.local/share/nvim/site/pack/packer/start/nvim-lspconfig/plugin/lspconfig.vim
048.998  000.069  000.069: sourcing /home/pritesh/.local/share/nvim/site/pack/packer/start/nvim-tree.lua/plugin/tree.vim
050.011  000.948  000.948: sourcing /home/pritesh/.local/share/nvim/site/pack/packer/start/nvim-treesitter/plugin/nvim-treesitter.vim
050.079  000.007  000.007: sourcing /home/pritesh/.local/share/nvim/site/pack/packer/start/nvim-treesitter/ftdetect/gdscript.vim
050.109  000.007  000.007: sourcing /home/pritesh/.local/share/nvim/site/pack/packer/start/nvim-treesitter/ftdetect/gomod.vim
050.130  000.011  000.011: sourcing /home/pritesh/.local/share/nvim/site/pack/packer/start/nvim-treesitter/ftdetect/query.vim
050.193  000.020  000.020: sourcing /home/pritesh/.local/share/nvim/site/pack/packer/start/nvim-web-devicons/plugin/nvim-web-devicons.vim
050.403  000.131  000.131: sourcing /home/pritesh/.local/share/nvim/site/pack/packer/start/playground/plugin/nvim-treesitter-playground.vim
050.488  000.022  000.022: sourcing /home/pritesh/.local/share/nvim/site/pack/packer/start/plenary.nvim/plugin/plenary.vim
050.923  000.339  000.339: sourcing /home/pritesh/.local/share/nvim/site/pack/packer/start/telescope.nvim/plugin/telescope.vim
051.076  000.090  000.090: sourcing /home/pritesh/.local/share/nvim/site/pack/packer/start/vim-commentary/plugin/commentary.vim
051.176  001.105: loading packages
052.664  001.441  001.441: sourcing /home/pritesh/.local/share/nvim/site/pack/packer/start/nvim-compe/after/plugin/compe.vim
052.846  000.230: loading after plugins
052.854  000.008: inits 3
054.626  001.771: reading ShaDa
054.739  000.114: opening buffers
061.271  006.532: BufEnter autocommands
061.274  000.003: editing files in windows
061.486  000.212: VimEnter autocommands
061.487  000.002: UIEnter autocommands
061.488  000.001: before starting main loop
062.057  000.568: first screen update
062.058  000.002: --- NVIM STARTED ---
